[debug] [2021-02-18T18:11:31.180Z] ----------------------------------------------------------------------
[debug] [2021-02-18T18:11:31.182Z] Command:       C:\Program Files\nodejs\node.exe C:\Users\Oguzhan Tan\AppData\Roaming\npm\node_modules\firebase-tools\lib\bin\firebase.js init
[debug] [2021-02-18T18:11:31.183Z] CLI Version:   9.4.0
[debug] [2021-02-18T18:11:31.183Z] Platform:      win32
[debug] [2021-02-18T18:11:31.183Z] Node Version:  v12.18.3
[debug] [2021-02-18T18:11:31.184Z] Time:          Thu Feb 18 2021 21:11:31 GMT+0300 (GMT+03:00)
[debug] [2021-02-18T18:11:31.184Z] ----------------------------------------------------------------------
[debug] [2021-02-18T18:11:31.184Z] 
[debug] [2021-02-18T18:11:31.186Z] >>> [apiv2][query] GET https://firebase-public.firebaseio.com/cli.json [none]
[debug] [2021-02-18T18:11:31.211Z] > command requires scopes: ["email","openid","https://www.googleapis.com/auth/cloudplatformprojects.readonly","https://www.googleapis.com/auth/firebase","https://www.googleapis.com/auth/cloud-platform"]
[debug] [2021-02-18T18:11:31.211Z] > authorizing via signed-in user
[info] 
     ######## #### ########  ######## ########     ###     ######  ########
     ##        ##  ##     ## ##       ##     ##  ##   ##  ##       ##
     ######    ##  ########  ######   ########  #########  ######  ######
     ##        ##  ##    ##  ##       ##     ## ##     ##       ## ##
     ##       #### ##     ## ######## ########  ##     ##  ######  ########

You're about to initialize a Firebase project in this directory:

  C:\Users\Oguzhan Tan\Desktop\projects\web projects\Create React App\todo-list

[debug] [2021-02-18T18:11:31.788Z] <<< [apiv2][status] GET https://firebase-public.firebaseio.com/cli.json 200
[debug] [2021-02-18T18:11:31.789Z] <<< [apiv2][body] GET https://firebase-public.firebaseio.com/cli.json {"cloudBuildErrorAfter":1594252800000,"cloudBuildWarnAfter":1590019200000,"defaultNode10After":1594252800000,"minVersion":"3.0.5","node8DeploysDisabledAfter":1613390400000,"node8RuntimeDisabledAfter":1615809600000,"node8WarnAfter":1600128000000}
